Building DAG of jobs...
Using shell: /usr/bin/bash
Provided cores: 1 (use --cores to define parallelism)
Rules claiming more threads will be scaled down.
Job stats:
job          count    min threads    max threads
---------  -------  -------------  -------------
Rescaling        4              1              1
plot             1              1              1
total            5              1              1

Select jobs to execute...

[Sat Oct 26 02:35:24 2024]
rule Rescaling:
    input: freq/query_files.tsv, reference_files/reference.hist
    output: subsample/query_files_subsample_to_reference_files_ewp_1.tsv
    jobid: 2
    reason: Missing output files: subsample/query_files_subsample_to_reference_files_ewp_1.tsv
    wildcards: query_dir=query_files, referenc_dir=reference_files, number=1
    resources: tmpdir=/tmp

Waiting at most 5 seconds for missing files.
Terminating processes on user request, this might take some time.
Complete log: .snakemake/log/2024-10-26T023523.380423.snakemake.log
