Building DAG of jobs...
Using shell: /usr/bin/bash
Provided cores: 1 (use --cores to define parallelism)
Rules claiming more threads will be scaled down.
Job stats:
job          count    min threads    max threads
---------  -------  -------------  -------------
Rescaling        4              1              1
plot             1              1              1
total            5              1              1

Select jobs to execute...

[Sat Oct 26 01:49:14 2024]
rule Rescaling:
    input: freq/query_files.tsv
    output: subsample/query_files_subsample_to_reference_files_ewp_2.tsv
    jobid: 3
    reason: Missing output files: subsample/query_files_subsample_to_reference_files_ewp_2.tsv
    wildcards: query_dir=query_files, referenc_dir=reference_files, number=2
    resources: tmpdir=/tmp

RuleException in rule Rescaling in file /home/mkmahan/Rescaling/main.smk, line 20:
AttributeError: 'InputFiles' object has no attribute 'reference_directory', when formatting the following:
echo {input.freqency_file} {input.reference_directory} {output.samples}
