Building DAG of jobs...
Using shell: /usr/bin/bash
Provided cores: 1 (use --cores to define parallelism)
Rules claiming more threads will be scaled down.
Job stats:
job          count    min threads    max threads
---------  -------  -------------  -------------
Rescaling        2              1              1
plot             1              1              1
total            3              1              1

Select jobs to execute...

[Sat Oct 26 03:42:55 2024]
rule Rescaling:
    input: query_files/shuf.a.bed.gz, query_files/shuf.b.bed.gz, freq/query_files.tsv, reference_files/reference.hist
    output: subsample/query_files_subsample_to_reference_files_sample_1.bed
    jobid: 2
    reason: Missing output files: subsample/query_files_subsample_to_reference_files_sample_1.bed
    wildcards: query_dir=query_files, referenc_dir=reference_files, number=1
    resources: tmpdir=/tmp

[Sat Oct 26 03:43:03 2024]
Error in rule Rescaling:
    jobid: 2
    input: query_files/shuf.a.bed.gz, query_files/shuf.b.bed.gz, freq/query_files.tsv, reference_files/reference.hist
    output: subsample/query_files_subsample_to_reference_files_sample_1.bed
    shell:
        zcat query_files/shuf.a.bed.gz query_files/shuf.b.bed.gz | shuf | python rescale.py freq/query_files.tsv reference_files/reference.hist subsample/query_files_subsample_to_reference_files_sample_1.bed
        (one of the commands exited with non-zero exit code; note that snakemake uses bash strict mode!)

Shutting down, this might take some time.
Exiting because a job execution failed. Look above for error message
Complete log: .snakemake/log/2024-10-26T034254.271862.snakemake.log
