Building DAG of jobs...
Using shell: /usr/bin/bash
Provided cores: 1 (use --cores to define parallelism)
Rules claiming more threads will be scaled down.
Job stats:
job          count    min threads    max threads
---------  -------  -------------  -------------
Rescaling        4              1              1
plot             1              1              1
total            5              1              1

Select jobs to execute...

[Sat Oct 26 02:21:28 2024]
rule Rescaling:
    input: freq/query_files.tsv, reference_files/reference.hist
    output: subsample/query_files_subsample_to_reference_files_ewp_1.tsv
    jobid: 2
    reason: Missing output files: subsample/query_files_subsample_to_reference_files_ewp_1.tsv
    wildcards: query_dir=query_files, referenc_dir=reference_files, number=1
    resources: tmpdir=/tmp

[Sat Oct 26 02:21:31 2024]
Error in rule Rescaling:
    jobid: 2
    input: freq/query_files.tsv, reference_files/reference.hist
    output: subsample/query_files_subsample_to_reference_files_ewp_1.tsv
    shell:
        python rescale.py freq/query_files.tsv reference_files/reference.hist subsample/query_files_subsample_to_reference_files_ewp_1.tsv
        (one of the commands exited with non-zero exit code; note that snakemake uses bash strict mode!)

Shutting down, this might take some time.
Exiting because a job execution failed. Look above for error message
Complete log: .snakemake/log/2024-10-26T022127.909684.snakemake.log
