Building DAG of jobs...
Using shell: /usr/bin/bash
Provided cores: 1 (use --cores to define parallelism)
Rules claiming more threads will be scaled down.
Job stats:
job      count    min threads    max threads
-----  -------  -------------  -------------
plot         1              1              1
total        1              1              1

Select jobs to execute...

[Sat Oct 26 04:03:46 2024]
rule plot:
    input: subsample/query_files_subsample_to_reference_files_sample_0.bed, subsample/query_files_subsample_to_reference_files_sample_1.bed, reference_files/reference.hist
    output: subsample/query_files_subsample_to_reference_files_ewp_2.bed
    jobid: 0
    reason: Missing output files: subsample/query_files_subsample_to_reference_files_ewp_2.bed
    wildcards: query_dir=query_files, referenc_dir=reference_files, num_of_samples=2
    resources: tmpdir=/tmp

[Sat Oct 26 04:03:47 2024]
Error in rule plot:
    jobid: 0
    input: subsample/query_files_subsample_to_reference_files_sample_0.bed, subsample/query_files_subsample_to_reference_files_sample_1.bed, reference_files/reference.hist
    output: subsample/query_files_subsample_to_reference_files_ewp_2.bed
    shell:
        python plot.py subsample/query_files_subsample_to_reference_files_sample_0.bed subsample/query_files_subsample_to_reference_files_sample_1.bed
        (one of the commands exited with non-zero exit code; note that snakemake uses bash strict mode!)

Shutting down, this might take some time.
Exiting because a job execution failed. Look above for error message
Complete log: .snakemake/log/2024-10-26T040345.683809.snakemake.log
