Building DAG of jobs...
Using shell: /usr/bin/bash
Provided cores: 1 (use --cores to define parallelism)
Rules claiming more threads will be scaled down.
Job stats:
job              count    min threads    max threads
-------------  -------  -------------  -------------
Rescaling            1              1              1
get_frequency        1              1              1
plot                 1              1              1
total                3              1              1

Select jobs to execute...

[Sat Oct 26 20:41:38 2024]
rule get_frequency:
    input: query_files/shuf.b.bed.gz, query_files/shuf.a.bed.gz
    output: freq/query_files.tsv
    jobid: 2
    reason: Missing output files: freq/query_files.tsv
    wildcards: query_dir=query_files
    resources: tmpdir=/tmp

[Sat Oct 26 20:41:48 2024]
Finished job 2.
1 of 3 steps (33%) done
Select jobs to execute...

[Sat Oct 26 20:41:48 2024]
rule Rescaling:
    input: query_files/shuf.b.bed.gz, query_files/shuf.a.bed.gz, freq/query_files.tsv, reference_files/reference1.hist
    output: subsample/query_files_subsample_to_reference_files_sample_0.bed
    jobid: 1
    reason: Missing output files: subsample/query_files_subsample_to_reference_files_sample_0.bed; Input files updated by another job: freq/query_files.tsv
    wildcards: query_dir=query_files, referenc_dir=reference_files, number=0
    resources: tmpdir=/tmp

[Sat Oct 26 20:42:00 2024]
Finished job 1.
2 of 3 steps (67%) done
Select jobs to execute...

[Sat Oct 26 20:42:00 2024]
rule plot:
    input: subsample/query_files_subsample_to_reference_files_sample_0.bed, reference_files/reference1.hist
    output: subsample/query_files_subsample_to_reference_files_ewp_1
    jobid: 0
    reason: Missing output files: subsample/query_files_subsample_to_reference_files_ewp_1; Input files updated by another job: subsample/query_files_subsample_to_reference_files_sample_0.bed
    wildcards: query_dir=query_files, referenc_dir=reference_files, num_of_samples=1
    resources: tmpdir=/tmp

[Sat Oct 26 20:42:03 2024]
Error in rule plot:
    jobid: 0
    input: subsample/query_files_subsample_to_reference_files_sample_0.bed, reference_files/reference1.hist
    output: subsample/query_files_subsample_to_reference_files_ewp_1
    shell:
        python plot.py subsample/query_files_subsample_to_reference_files_sample_0.bed reference_files/reference1.hist
        (one of the commands exited with non-zero exit code; note that snakemake uses bash strict mode!)

Shutting down, this might take some time.
Exiting because a job execution failed. Look above for error message
Complete log: .snakemake/log/2024-10-26T204137.917102.snakemake.log
