Building DAG of jobs...
Using shell: /usr/bin/bash
Provided cores: 1 (use --cores to define parallelism)
Rules claiming more threads will be scaled down.
Job stats:
job              count    min threads    max threads
-------------  -------  -------------  -------------
Rescaling            2              1              1
get_frequency        1              1              1
plot                 1              1              1
total                4              1              1

Select jobs to execute...

[Sat Oct 26 20:49:49 2024]
rule get_frequency:
    input: query_files/shuf.b.bed.gz, query_files/shuf.a.bed.gz
    output: freq/query_files.tsv
    jobid: 2
    reason: Missing output files: freq/query_files.tsv
    wildcards: query_dir=query_files
    resources: tmpdir=/tmp

[Sat Oct 26 20:49:59 2024]
Finished job 2.
1 of 4 steps (25%) done
Select jobs to execute...

[Sat Oct 26 20:50:00 2024]
rule Rescaling:
    input: query_files/shuf.b.bed.gz, query_files/shuf.a.bed.gz, freq/query_files.tsv, reference_files/reference1.hist
    output: subsample/query_files_subsample_to_reference_files_sample_1.bed
    jobid: 3
    reason: Missing output files: subsample/query_files_subsample_to_reference_files_sample_1.bed; Input files updated by another job: freq/query_files.tsv; Set of input files has changed since last execution
    wildcards: query_dir=query_files, referenc_dir=reference_files, number=1
    resources: tmpdir=/tmp

[Sat Oct 26 20:50:12 2024]
Finished job 3.
2 of 4 steps (50%) done
Select jobs to execute...

[Sat Oct 26 20:50:12 2024]
rule Rescaling:
    input: query_files/shuf.b.bed.gz, query_files/shuf.a.bed.gz, freq/query_files.tsv, reference_files/reference1.hist
    output: subsample/query_files_subsample_to_reference_files_sample_0.bed
    jobid: 1
    reason: Missing output files: subsample/query_files_subsample_to_reference_files_sample_0.bed; Input files updated by another job: freq/query_files.tsv
    wildcards: query_dir=query_files, referenc_dir=reference_files, number=0
    resources: tmpdir=/tmp

[Sat Oct 26 20:50:25 2024]
Finished job 1.
3 of 4 steps (75%) done
Select jobs to execute...

[Sat Oct 26 20:50:25 2024]
rule plot:
    input: subsample/query_files_subsample_to_reference_files_sample_0.bed, subsample/query_files_subsample_to_reference_files_sample_1.bed, reference_files/reference1.hist
    output: subsample/query_files_subsample_to_reference_files_ewp_2
    jobid: 0
    reason: Input files updated by another job: subsample/query_files_subsample_to_reference_files_sample_0.bed, subsample/query_files_subsample_to_reference_files_sample_1.bed
    wildcards: query_dir=query_files, referenc_dir=reference_files, num_of_samples=2
    resources: tmpdir=/tmp

Waiting at most 5 seconds for missing files.
MissingOutputException in rule plot in file /home/mkmahan/Rescaling/main.smk, line 28:
Job 0 completed successfully, but some output files are missing. Missing files after 5 seconds. This might be due to filesystem latency. If that is the case, consider to increase the wait time with --latency-wait:
subsample/query_files_subsample_to_reference_files_ewp_2
Shutting down, this might take some time.
Exiting because a job execution failed. Look above for error message
Complete log: .snakemake/log/2024-10-26T204949.245867.snakemake.log
