Building DAG of jobs...
Using shell: /usr/bin/bash
Provided cores: 1 (use --cores to define parallelism)
Rules claiming more threads will be scaled down.
Job stats:
job              count    min threads    max threads
-------------  -------  -------------  -------------
Rescaling            1              1              1
get_frequency        1              1              1
plot                 1              1              1
total                3              1              1

Select jobs to execute...

[Sat Oct 26 04:17:40 2024]
rule get_frequency:
    input: query_files/shuf.b.bed.gz, query_files/shuf.a.bed.gz
    output: freq/query_files.tsv
    jobid: 2
    reason: Missing output files: freq/query_files.tsv
    wildcards: query_dir=query_files
    resources: tmpdir=/tmp

[Sat Oct 26 04:18:01 2024]
Finished job 2.
1 of 3 steps (33%) done
Select jobs to execute...

[Sat Oct 26 04:18:01 2024]
rule Rescaling:
    input: query_files/shuf.b.bed.gz, query_files/shuf.a.bed.gz, freq/query_files.tsv, reference_files/reference.hist
    output: subsample/query_files_subsample_to_reference_files_sample_0.bed
    jobid: 1
    reason: Missing output files: subsample/query_files_subsample_to_reference_files_sample_0.bed; Input files updated by another job: freq/query_files.tsv
    wildcards: query_dir=query_files, referenc_dir=reference_files, number=0
    resources: tmpdir=/tmp

[Sat Oct 26 04:18:25 2024]
Finished job 1.
2 of 3 steps (67%) done
Select jobs to execute...

[Sat Oct 26 04:18:25 2024]
rule plot:
    input: subsample/query_files_subsample_to_reference_files_sample_0.bed, reference_files/reference.hist
    output: subsample/query_files_subsample_to_reference_files_ewp_1.bed
    jobid: 0
    reason: Missing output files: subsample/query_files_subsample_to_reference_files_ewp_1.bed; Input files updated by another job: subsample/query_files_subsample_to_reference_files_sample_0.bed
    wildcards: query_dir=query_files, referenc_dir=reference_files, num_of_samples=1
    resources: tmpdir=/tmp

Waiting at most 5 seconds for missing files.
MissingOutputException in rule plot in file /home/mkmahan/Rescaling/main.smk, line 30:
Job 0 completed successfully, but some output files are missing. Missing files after 5 seconds. This might be due to filesystem latency. If that is the case, consider to increase the wait time with --latency-wait:
subsample/query_files_subsample_to_reference_files_ewp_1.bed
Shutting down, this might take some time.
Exiting because a job execution failed. Look above for error message
Complete log: .snakemake/log/2024-10-26T041739.241316.snakemake.log
