Building DAG of jobs...
Using shell: /usr/bin/bash
Provided cores: 1 (use --cores to define parallelism)
Rules claiming more threads will be scaled down.
Job stats:
job          count    min threads    max threads
---------  -------  -------------  -------------
Rescaling        4              1              1
plot             1              1              1
total            5              1              1

Select jobs to execute...

[Sat Oct 26 03:23:33 2024]
rule Rescaling:
    input: query_files/shuf.a.bed.gz, query_files/shuf.b.bed.gz, freq/query_files.tsv, reference_files/reference.hist
    output: subsample/query_files_subsample_to_reference_files_ewp_2.tsv
    jobid: 3
    reason: Missing output files: subsample/query_files_subsample_to_reference_files_ewp_2.tsv
    wildcards: query_dir=query_files, referenc_dir=reference_files, number=2
    resources: tmpdir=/tmp

[Sat Oct 26 03:23:56 2024]
Finished job 3.
1 of 5 steps (20%) done
Select jobs to execute...

[Sat Oct 26 03:23:56 2024]
rule Rescaling:
    input: query_files/shuf.a.bed.gz, query_files/shuf.b.bed.gz, freq/query_files.tsv, reference_files/reference.hist
    output: subsample/query_files_subsample_to_reference_files_ewp_3.tsv
    jobid: 4
    reason: Missing output files: subsample/query_files_subsample_to_reference_files_ewp_3.tsv
    wildcards: query_dir=query_files, referenc_dir=reference_files, number=3
    resources: tmpdir=/tmp

Terminating processes on user request, this might take some time.
[Sat Oct 26 03:24:15 2024]
Error in rule Rescaling:
    jobid: 4
    input: query_files/shuf.a.bed.gz, query_files/shuf.b.bed.gz, freq/query_files.tsv, reference_files/reference.hist
    output: subsample/query_files_subsample_to_reference_files_ewp_3.tsv
    shell:
        zcat query_files/shuf.a.bed.gz query_files/shuf.b.bed.gz | shuf | python rescale.py freq/query_files.tsv reference_files/reference.hist subsample/query_files_subsample_to_reference_files_ewp_3.tsv
        (one of the commands exited with non-zero exit code; note that snakemake uses bash strict mode!)

Complete log: .snakemake/log/2024-10-26T032332.284932.snakemake.log
